TN:
SF:controllers/spotify.js
FN:16,(anonymous_0)
FN:33,(anonymous_1)
FN:34,(anonymous_2)
FN:58,(anonymous_3)
FN:73,(anonymous_4)
FN:74,(anonymous_5)
FN:81,(anonymous_6)
FN:101,(anonymous_7)
FN:102,(anonymous_8)
FN:123,(anonymous_9)
FN:140,(anonymous_10)
FN:141,(anonymous_11)
FN:144,(anonymous_12)
FN:163,(anonymous_13)
FN:182,(anonymous_14)
FN:183,(anonymous_15)
FN:207,(anonymous_16)
FN:208,(anonymous_17)
FN:211,(anonymous_18)
FNF:19
FNH:0
FNDA:0,(anonymous_0)
FNDA:0,(anonymous_1)
FNDA:0,(anonymous_2)
FNDA:0,(anonymous_3)
FNDA:0,(anonymous_4)
FNDA:0,(anonymous_5)
FNDA:0,(anonymous_6)
FNDA:0,(anonymous_7)
FNDA:0,(anonymous_8)
FNDA:0,(anonymous_9)
FNDA:0,(anonymous_10)
FNDA:0,(anonymous_11)
FNDA:0,(anonymous_12)
FNDA:0,(anonymous_13)
FNDA:0,(anonymous_14)
FNDA:0,(anonymous_15)
FNDA:0,(anonymous_16)
FNDA:0,(anonymous_17)
FNDA:0,(anonymous_18)
DA:1,1
DA:2,1
DA:3,1
DA:7,1
DA:16,1
DA:17,0
DA:18,0
DA:19,0
DA:21,0
DA:29,0
DA:33,0
DA:35,0
DA:40,0
DA:41,0
DA:42,0
DA:43,0
DA:45,0
DA:48,0
DA:49,0
DA:51,0
DA:52,0
DA:58,1
DA:59,0
DA:61,0
DA:69,0
DA:73,0
DA:75,0
DA:77,0
DA:81,1
DA:82,0
DA:83,0
DA:85,0
DA:94,0
DA:95,0
DA:97,0
DA:101,0
DA:103,0
DA:112,0
DA:115,0
DA:117,0
DA:118,0
DA:123,1
DA:124,0
DA:125,0
DA:126,0
DA:128,0
DA:136,0
DA:140,0
DA:142,0
DA:144,0
DA:145,0
DA:153,0
DA:155,0
DA:157,0
DA:158,0
DA:163,1
DA:164,0
DA:165,0
DA:167,0
DA:175,0
DA:176,0
DA:177,0
DA:178,0
DA:182,0
DA:184,0
DA:192,0
DA:193,0
DA:194,0
DA:195,0
DA:196,0
DA:198,0
DA:200,0
DA:201,0
DA:202,0
DA:203,0
DA:207,0
DA:209,0
DA:211,0
DA:212,0
DA:220,0
DA:222,0
DA:225,0
DA:227,0
DA:228,0
DA:232,1
LF:85
LH:10
BRDA:175,0,0,0
BRDA:175,0,1,0
BRDA:200,1,0,0
BRDA:200,1,1,0
BRF:4
BRH:0
end_of_record
TN:
SF:spotify-api/spotify-api.js
FN:6,(anonymous_0)
FN:19,(anonymous_1)
FN:20,(anonymous_2)
FN:21,(anonymous_3)
FNF:4
FNH:0
FNDA:0,(anonymous_0)
FNDA:0,(anonymous_1)
FNDA:0,(anonymous_2)
FNDA:0,(anonymous_3)
DA:1,1
DA:2,1
DA:6,1
DA:10,0
DA:18,0
DA:19,0
DA:20,0
DA:22,0
DA:23,0
DA:27,1
LF:10
LH:4
BRF:0
BRH:0
end_of_record
